Hostname:	 LAPTOP-30UMQ8JE
Local IP:	 10.4.194.27
Environment:	 prod
Sytem Node:	 APP01
Work Dir:	 D:/WenJay/admin
2025/11/21 14:19:51 Config Read D:/WenJay/admin/config/config_prod.json Success .
[1;34m2025-11-21 14:19:51.291[0m [1;36mAPP01INIT[0m [1;32minfo [0m src/common/mysql/platDB/init.go:24 [1;32m|[0m Init PlatDb Success . 
[1;34m2025-11-21 14:19:51.292[0m [1;36mAPP01INIT[0m [1;32minfo [0m src/common/mysql/blogDB/init.go:16 [1;32m|[0m Init BlogDb Success . 
[1;34m2025-11-21 14:19:51.292[0m [1;36mAPP01INIT[0m [1;32minfo [0m src/common/redis/init.go:27 [1;32m|[0m Init Redis success

2025/11/21 14:19:51 [31;1mD:/WenJay/admin/src/common/mysql/actuator/executor.go:38 [35;1mError 1146 (42S02): Table 'blog.sys_config' doesn't exist
[0m[33m[1.506ms] [34;1m[rows:0][0m SELECT * FROM `sys_config` WHERE id = 1 ORDER BY `sys_config`.`id` LIMIT 1
[1;34m2025-11-21 14:19:51.295[0m [1;36mAPP01INIT[0m [1;31merror[0m src/common/model/cacheModel/sysConfig.go:30 [1;32m|[0m GetSysConfig Fail . Err Is : Error 1146 (42S02): Table 'blog.sys_config' doesn't exist
[1;34m2025-11-21 14:19:51.295[0m [1;36mAPP01INIT[0m [1;31merror[0m main.go:67 [1;32m|[0m InitSysConfigCache Fail . Err Is : Error 1146 (42S02): Table 'blog.sys_config' doesn't exist
Hostname:	 LAPTOP-30UMQ8JE
Local IP:	 10.4.194.27
Environment:	 prod
Sytem Node:	 APP01
Work Dir:	 D:/WenJay/admin
2025/11/21 14:23:14 Config Read D:/WenJay/admin/config/config_prod.json Success .
[1;34m2025-11-21 14:23:14.937[0m [1;36mAPP01INIT[0m [1;32minfo [0m src/common/mysql/platDB/init.go:24 [1;32m|[0m Init PlatDb Success . 
[1;34m2025-11-21 14:23:14.937[0m [1;36mAPP01INIT[0m [1;32minfo [0m src/common/mysql/blogDB/init.go:16 [1;32m|[0m Init BlogDb Success . 
[1;34m2025-11-21 14:23:14.938[0m [1;36mAPP01INIT[0m [1;32minfo [0m src/common/redis/init.go:27 [1;32m|[0m Init Redis success
[1;34m2025-11-21 14:23:14.940[0m [1;36mAPP01INIT[0m [1;32minfo [0m main.go:70 [1;32m|[0m InitSysConfigCache success
[1;34m2025-11-21 14:23:14.943[0m [1;36mAPP01INIT[0m [1;32minfo [0m main.go:77 [1;32m|[0m InitResponseCache success
[1;34m2025-11-21 14:23:14.945[0m [1;36mAPP01INIT[0m [1;32minfo [0m main.go:84 [1;32m|[0m InitRouterCache success
[1;34m2025-11-21 14:23:14.947[0m [1;36mAPP01INIT[0m [1;32minfo [0m main.go:91 [1;32m|[0m InitPermissionCache success
[1;34m2025-11-21 14:23:14.947[0m [1;36mAPP01INIT[0m [1;32minfo [0m main.go:98 [1;32m|[0m InitRoleCache success
[1;34m2025-11-21 14:23:14.949[0m [1;36mAPP01INIT[0m [1;32minfo [0m main.go:105 [1;32m|[0m InitDeptTreeCache success
[1;34m2025-11-21 14:23:14.949[0m [1;36mAPP01INIT[0m [1;32minfo [0m src/common/model/cacheModel/blog_lists_cache.go:148 [1;32m|[0m Start SyncBlogPostAllCache
[1;34m2025-11-21 14:23:14.949[0m [1;36mAPP01INIT[0m [1;32minfo [0m main.go:35 [1;32m|[0m Server Listening on port :8000 success
[1;34m2025-11-21 14:23:14.949[0m [1;36mAPP01INIT[0m [1;33mwarn [0m src/common/model/cacheModel/blog_cache.go:102 [1;32m|[0m GetPostCache Fail . Err Is : not found
[1;34m2025-11-21 14:23:14.953[0m [1;36mAPP01INIT[0m [1;32minfo [0m src/common/model/cacheModel/blog_lists_cache.go:150 [1;32m|[0m End SyncBlogPostAllCache
[1;34m2025-11-21 14:30:33.840[0m [1;36mUZOASSAMMQ[0m [1;32minfo [0m src/router/middleware/worker/req.go:19 [1;32m|[0m Req Path Is : /auth/login
[1;34m2025-11-21 14:30:33.842[0m [1;36mUZOASSAMMQ[0m [1;32minfo [0m src/router/middleware/worker/req.go:94 [1;32m|[0m Req Body Is : Do Not Print
[1;34m2025-11-21 14:30:33.855[0m [1;36mUZOASSAMMQ[0m [1;32minfo [0m src/router/middleware/worker/res.go:39 [1;32m|[0m Res Code Is : 200 . Res Body Is : Do Not Print . S001
[1;34m2025-11-21 14:30:44.651[0m [1;36mLISEEEMSGZ[0m [1;32minfo [0m src/router/middleware/worker/req.go:19 [1;32m|[0m Req Path Is : /auth/reset
[1;34m2025-11-21 14:30:44.651[0m [1;36mLISEEEMSGZ[0m [1;32minfo [0m src/router/middleware/worker/req.go:94 [1;32m|[0m Req Body Is : Do Not Print
[1;34m2025-11-21 14:30:44.655[0m [1;36mLISEEEMSGZ[0m [1;32minfo [0m src/router/middleware/worker/res.go:39 [1;32m|[0m Res Code Is : 200 . Res Body Is : Do Not Print . S002
[1;34m2025-11-21 14:30:45.161[0m [1;36mELPFPPMFIE[0m [1;32minfo [0m src/router/middleware/worker/req.go:19 [1;32m|[0m Req Path Is : /auth/mine
[1;34m2025-11-21 14:30:45.162[0m [1;36mELPFPPMFIE[0m [1;32minfo [0m src/router/middleware/worker/req.go:94 [1;32m|[0m Req Body Is : Do Not Print
[1;34m2025-11-21 14:30:45.162[0m [1;36mELPFPPMFIE[0m [1;32minfo [0m src/router/middleware/worker/res.go:39 [1;32m|[0m Res Code Is : 401 . Res Body Is : Do Not Print . E002
[1;34m2025-11-21 14:30:46.691[0m [1;36mNCHTMFPIAO[0m [1;32minfo [0m src/router/middleware/worker/req.go:19 [1;32m|[0m Req Path Is : /auth/logout
[1;34m2025-11-21 14:30:46.693[0m [1;36mNCHTMFPIAO[0m [1;32minfo [0m src/router/middleware/worker/req.go:94 [1;32m|[0m Req Body Is : Do Not Print
[1;34m2025-11-21 14:30:46.694[0m [1;36mNCHTMFPIAO[0m [1;32minfo [0m src/router/middleware/worker/res.go:39 [1;32m|[0m Res Code Is : 200 . Res Body Is : Do Not Print . S000
[1;34m2025-11-21 14:30:53.926[0m [1;36mVABHBHKVEP[0m [1;32minfo [0m src/router/middleware/worker/req.go:19 [1;32m|[0m Req Path Is : /auth/login
[1;34m2025-11-21 14:30:53.927[0m [1;36mVABHBHKVEP[0m [1;32minfo [0m src/router/middleware/worker/req.go:94 [1;32m|[0m Req Body Is : Do Not Print
[1;34m2025-11-21 14:30:53.941[0m [1;36mVABHBHKVEP[0m [1;32minfo [0m src/router/middleware/worker/res.go:39 [1;32m|[0m Res Code Is : 200 . Res Body Is : Do Not Print . S001
[1;34m2025-11-21 14:30:54.448[0m [1;36mRLBOVLNWMJ[0m [1;32minfo [0m src/router/middleware/worker/req.go:19 [1;32m|[0m Req Path Is : /auth/mine
[1;34m2025-11-21 14:30:54.449[0m [1;36mRLBOVLNWMJ[0m [1;32minfo [0m src/router/middleware/worker/req.go:94 [1;32m|[0m Req Body Is : Do Not Print
[1;34m2025-11-21 14:30:54.449[0m [1;36mRLBOVLNWMJ[0m [1;32minfo [0m src/router/middleware/worker/res.go:39 [1;32m|[0m Res Code Is : 200 . Res Body Is : Do Not Print . S000
[1;34m2025-11-21 14:30:54.702[0m [1;36mLGXBHNVQIR[0m [1;32minfo [0m src/router/middleware/worker/req.go:19 [1;32m|[0m Req Path Is : /blog/center/index
[1;34m2025-11-21 14:30:54.703[0m [1;36mLGXBHNVQIR[0m [1;32minfo [0m src/router/middleware/worker/req.go:94 [1;32m|[0m Req Body Is : Do Not Print
[1;34m2025-11-21 14:30:54.709[0m [1;36mLGXBHNVQIR[0m [1;32minfo [0m src/router/middleware/worker/res.go:39 [1;32m|[0m Res Code Is : 200 . Res Body Is : Do Not Print . S000
[1;34m2025-11-21 14:31:01.171[0m [1;36mHPFBFMQTFE[0m [1;32minfo [0m src/router/middleware/worker/req.go:19 [1;32m|[0m Req Path Is : /plat/dict/read
[1;34m2025-11-21 14:31:01.172[0m [1;36mDQEMZSQRUI[0m [1;32minfo [0m src/router/middleware/worker/req.go:19 [1;32m|[0m Req Path Is : /blog/source/page
[1;34m2025-11-21 14:31:01.172[0m [1;36mHPFBFMQTFE[0m [1;32minfo [0m src/router/middleware/worker/req.go:94 [1;32m|[0m Req Body Is : Do Not Print
[1;34m2025-11-21 14:31:01.172[0m [1;36mDQEMZSQRUI[0m [1;32minfo [0m src/router/middleware/worker/req.go:94 [1;32m|[0m Req Body Is : Do Not Print
[1;34m2025-11-21 14:31:01.175[0m [1;36mHPFBFMQTFE[0m [1;32minfo [0m src/router/middleware/worker/res.go:39 [1;32m|[0m Res Code Is : 200 . Res Body Is : Do Not Print . S000
[1;34m2025-11-21 14:31:01.182[0m [1;36mDQEMZSQRUI[0m [1;32minfo [0m src/router/middleware/worker/res.go:39 [1;32m|[0m Res Code Is : 200 . Res Body Is : Do Not Print . S000
[1;34m2025-11-21 14:31:06.738[0m [1;36mHNVZDMILWU[0m [1;32minfo [0m src/router/middleware/worker/req.go:19 [1;32m|[0m Req Path Is : /plat/dict/read
[1;34m2025-11-21 14:31:06.738[0m [1;36mCSJGUSDNBM[0m [1;32minfo [0m src/router/middleware/worker/req.go:19 [1;32m|[0m Req Path Is : /blog/post/page
[1;34m2025-11-21 14:31:06.738[0m [1;36mHNVZDMILWU[0m [1;32minfo [0m src/router/middleware/worker/req.go:94 [1;32m|[0m Req Body Is : Do Not Print
[1;34m2025-11-21 14:31:06.738[0m [1;36mCSJGUSDNBM[0m [1;32minfo [0m src/router/middleware/worker/req.go:94 [1;32m|[0m Req Body Is : Do Not Print
[1;34m2025-11-21 14:31:06.742[0m [1;36mHNVZDMILWU[0m [1;32minfo [0m src/router/middleware/worker/res.go:39 [1;32m|[0m Res Code Is : 200 . Res Body Is : Do Not Print . S000
[1;34m2025-11-21 14:31:06.746[0m [1;36mCSJGUSDNBM[0m [1;32minfo [0m src/router/middleware/worker/res.go:39 [1;32m|[0m Res Code Is : 200 . Res Body Is : Do Not Print . S000
[1;34m2025-11-21 14:31:06.749[0m [1;36mHVPGAGLHBL[0m [1;32minfo [0m src/router/middleware/worker/req.go:19 [1;32m|[0m Req Path Is : /blog/category/list
[1;34m2025-11-21 14:31:06.750[0m [1;36mHVPGAGLHBL[0m [1;32minfo [0m src/router/middleware/worker/req.go:94 [1;32m|[0m Req Body Is : Do Not Print
[1;34m2025-11-21 14:31:06.751[0m [1;36mHVPGAGLHBL[0m [1;32minfo [0m src/router/middleware/worker/res.go:39 [1;32m|[0m Res Code Is : 200 . Res Body Is : Do Not Print . S000
[1;34m2025-11-21 14:31:12.549[0m [1;36mPGVEJHNWJE[0m [1;32minfo [0m src/router/middleware/worker/req.go:19 [1;32m|[0m Req Path Is : /plat/role/page
[1;34m2025-11-21 14:31:12.550[0m [1;36mPGVEJHNWJE[0m [1;32minfo [0m src/router/middleware/worker/req.go:94 [1;32m|[0m Req Body Is : Do Not Print
[1;34m2025-11-21 14:31:12.552[0m [1;36mPGVEJHNWJE[0m [1;32minfo [0m src/router/middleware/worker/res.go:39 [1;32m|[0m Res Code Is : 200 . Res Body Is : Do Not Print . S000
[1;34m2025-11-21 14:31:13.926[0m [1;36mXQAWSJKOPQ[0m [1;32minfo [0m src/router/middleware/worker/req.go:19 [1;32m|[0m Req Path Is : /plat/permission/tree
[1;34m2025-11-21 14:31:13.926[0m [1;36mMSCXLOMMNA[0m [1;32minfo [0m src/router/middleware/worker/req.go:19 [1;32m|[0m Req Path Is : /plat/dict/read
[1;34m2025-11-21 14:31:13.927[0m [1;36mRJPNSXNNMP[0m [1;32minfo [0m src/router/middleware/worker/req.go:19 [1;32m|[0m Req Path Is : /plat/permission/get
[1;34m2025-11-21 14:31:13.927[0m [1;36mXQAWSJKOPQ[0m [1;32minfo [0m src/router/middleware/worker/req.go:94 [1;32m|[0m Req Body Is : Do Not Print
[1;34m2025-11-21 14:31:13.928[0m [1;36mMSCXLOMMNA[0m [1;32minfo [0m src/router/middleware/worker/req.go:94 [1;32m|[0m Req Body Is : Do Not Print
[1;34m2025-11-21 14:31:13.929[0m [1;36mRJPNSXNNMP[0m [1;32minfo [0m src/router/middleware/worker/req.go:94 [1;32m|[0m Req Body Is : Do Not Print
[1;34m2025-11-21 14:31:13.932[0m [1;36mMSCXLOMMNA[0m [1;32minfo [0m src/router/middleware/worker/res.go:39 [1;32m|[0m Res Code Is : 200 . Res Body Is : Do Not Print . S000
[1;34m2025-11-21 14:31:13.946[0m [1;36mRJPNSXNNMP[0m [1;32minfo [0m src/router/middleware/worker/res.go:39 [1;32m|[0m Res Code Is : 200 . Res Body Is : Do Not Print . S000
[1;34m2025-11-21 14:31:13.949[0m [1;36mXQAWSJKOPQ[0m [1;32minfo [0m src/router/middleware/worker/res.go:39 [1;32m|[0m Res Code Is : 200 . Res Body Is : Do Not Print . S000
[1;34m2025-11-21 14:31:15.521[0m [1;36mNFGSMGUQWY[0m [1;32minfo [0m src/router/middleware/worker/req.go:19 [1;32m|[0m Req Path Is : /plat/dict/read
[1;34m2025-11-21 14:31:15.522[0m [1;36mXBISEZIEUQ[0m [1;32minfo [0m src/router/middleware/worker/req.go:19 [1;32m|[0m Req Path Is : /plat/router/page
[1;34m2025-11-21 14:31:15.522[0m [1;36mNFGSMGUQWY[0m [1;32minfo [0m src/router/middleware/worker/req.go:94 [1;32m|[0m Req Body Is : Do Not Print
[1;34m2025-11-21 14:31:15.522[0m [1;36mXBISEZIEUQ[0m [1;32minfo [0m src/router/middleware/worker/req.go:94 [1;32m|[0m Req Body Is : Do Not Print
[1;34m2025-11-21 14:31:15.525[0m [1;36mXBISEZIEUQ[0m [1;32minfo [0m src/router/middleware/worker/res.go:39 [1;32m|[0m Res Code Is : 200 . Res Body Is : Do Not Print . S000
[1;34m2025-11-21 14:31:15.526[0m [1;36mNFGSMGUQWY[0m [1;32minfo [0m src/router/middleware/worker/res.go:39 [1;32m|[0m Res Code Is : 200 . Res Body Is : Do Not Print . S000
[1;34m2025-11-21 14:31:17.546[0m [1;36mXGBFSUOJOQ[0m [1;32minfo [0m src/router/middleware/worker/req.go:19 [1;32m|[0m Req Path Is : /blog/tag/page
[1;34m2025-11-21 14:31:17.546[0m [1;36mXGBFSUOJOQ[0m [1;32minfo [0m src/router/middleware/worker/req.go:94 [1;32m|[0m Req Body Is : Do Not Print
[1;34m2025-11-21 14:31:17.548[0m [1;36mXGBFSUOJOQ[0m [1;32minfo [0m src/router/middleware/worker/res.go:39 [1;32m|[0m Res Code Is : 200 . Res Body Is : Do Not Print . S000
[1;34m2025-11-21 14:32:43.467[0m [1;36mHJNGLTJVRH[0m [1;32minfo [0m src/router/middleware/worker/req.go:19 [1;32m|[0m Req Path Is : /page/index
[1;34m2025-11-21 14:32:43.468[0m [1;36mHJNGLTJVRH[0m [1;32minfo [0m src/router/middleware/worker/req.go:94 [1;32m|[0m Req Body Is : Do Not Print
[1;34m2025-11-21 14:32:43.470[0m [1;36mHJNGLTJVRH[0m [1;32minfo [0m src/router/middleware/worker/res.go:39 [1;32m|[0m Res Code Is : 200 . Res Body Is : Do Not Print . S000
[1;34m2025-11-21 14:32:43.500[0m [1;36mSQNRUDRBEU[0m [1;32minfo [0m src/router/middleware/worker/req.go:19 [1;32m|[0m Req Path Is : /page/link
[1;34m2025-11-21 14:32:43.501[0m [1;36mSQNRUDRBEU[0m [1;32minfo [0m src/router/middleware/worker/req.go:94 [1;32m|[0m Req Body Is : Do Not Print
[1;34m2025-11-21 14:32:43.502[0m [1;36mSQNRUDRBEU[0m [1;32minfo [0m src/router/middleware/worker/res.go:39 [1;32m|[0m Res Code Is : 200 . Res Body Is : Do Not Print . S000
[1;34m2025-11-21 14:32:48.500[0m [1;36mRGFBXJPEUV[0m [1;32minfo [0m src/router/middleware/worker/req.go:19 [1;32m|[0m Req Path Is : /page/posts
[1;34m2025-11-21 14:32:48.502[0m [1;36mRGFBXJPEUV[0m [1;32minfo [0m src/router/middleware/worker/req.go:94 [1;32m|[0m Req Body Is : Do Not Print
[1;34m2025-11-21 14:32:48.503[0m [1;36mRGFBXJPEUV[0m [1;32minfo [0m src/router/middleware/worker/res.go:39 [1;32m|[0m Res Code Is : 200 . Res Body Is : Do Not Print . S000
[1;34m2025-11-21 14:32:48.851[0m [1;36mGKXPKFDJYX[0m [1;32minfo [0m src/router/middleware/worker/req.go:19 [1;32m|[0m Req Path Is : /page/index
[1;34m2025-11-21 14:32:48.853[0m [1;36mGKXPKFDJYX[0m [1;32minfo [0m src/router/middleware/worker/req.go:94 [1;32m|[0m Req Body Is : Do Not Print
[1;34m2025-11-21 14:32:48.855[0m [1;36mGKXPKFDJYX[0m [1;32minfo [0m src/router/middleware/worker/res.go:39 [1;32m|[0m Res Code Is : 200 . Res Body Is : Do Not Print . S000
[1;34m2025-11-21 14:32:53.544[0m [1;36mIUDUWJBOCV[0m [1;32minfo [0m src/router/middleware/worker/req.go:19 [1;32m|[0m Req Path Is : /page/posts
[1;34m2025-11-21 14:32:53.545[0m [1;36mIUDUWJBOCV[0m [1;32minfo [0m src/router/middleware/worker/req.go:94 [1;32m|[0m Req Body Is : Do Not Print
[1;34m2025-11-21 14:32:53.546[0m [1;36mIUDUWJBOCV[0m [1;32minfo [0m src/router/middleware/worker/res.go:39 [1;32m|[0m Res Code Is : 200 . Res Body Is : Do Not Print . S000
[1;34m2025-11-21 14:33:58.419[0m [1;36mHVZEADEXEM[0m [1;32minfo [0m src/router/middleware/worker/req.go:19 [1;32m|[0m Req Path Is : /page/index
[1;34m2025-11-21 14:33:58.419[0m [1;36mHVZEADEXEM[0m [1;32minfo [0m src/router/middleware/worker/req.go:94 [1;32m|[0m Req Body Is : Do Not Print
[1;34m2025-11-21 14:33:58.420[0m [1;36mHVZEADEXEM[0m [1;32minfo [0m src/router/middleware/worker/res.go:39 [1;32m|[0m Res Code Is : 200 . Res Body Is : Do Not Print . S000
[1;34m2025-11-21 14:35:55.540[0m [1;36mTOJULKBLRS[0m [1;32minfo [0m src/router/middleware/worker/req.go:19 [1;32m|[0m Req Path Is : /page/index
[1;34m2025-11-21 14:35:55.542[0m [1;36mTOJULKBLRS[0m [1;32minfo [0m src/router/middleware/worker/req.go:94 [1;32m|[0m Req Body Is : Do Not Print
[1;34m2025-11-21 14:35:55.543[0m [1;36mTOJULKBLRS[0m [1;32minfo [0m src/router/middleware/worker/res.go:39 [1;32m|[0m Res Code Is : 200 . Res Body Is : Do Not Print . S000
[1;34m2025-11-21 14:35:55.561[0m [1;36mTGUYEFIFJO[0m [1;32minfo [0m src/router/middleware/worker/req.go:19 [1;32m|[0m Req Path Is : /page/index
[1;34m2025-11-21 14:35:55.562[0m [1;36mTGUYEFIFJO[0m [1;32minfo [0m src/router/middleware/worker/req.go:94 [1;32m|[0m Req Body Is : Do Not Print
[1;34m2025-11-21 14:35:55.564[0m [1;36mTGUYEFIFJO[0m [1;32minfo [0m src/router/middleware/worker/res.go:39 [1;32m|[0m Res Code Is : 200 . Res Body Is : Do Not Print . S000
[1;34m2025-11-21 14:35:56.481[0m [1;36mZHFGIZKMMK[0m [1;32minfo [0m src/router/middleware/worker/req.go:19 [1;32m|[0m Req Path Is : /page/index
[1;34m2025-11-21 14:35:56.482[0m [1;36mZHFGIZKMMK[0m [1;32minfo [0m src/router/middleware/worker/req.go:94 [1;32m|[0m Req Body Is : Do Not Print
[1;34m2025-11-21 14:35:56.483[0m [1;36mZHFGIZKMMK[0m [1;32minfo [0m src/router/middleware/worker/res.go:39 [1;32m|[0m Res Code Is : 200 . Res Body Is : Do Not Print . S000
[1;34m2025-11-21 14:35:56.490[0m [1;36mOOLJXHMDVI[0m [1;32minfo [0m src/router/middleware/worker/req.go:19 [1;32m|[0m Req Path Is : /page/link
[1;34m2025-11-21 14:35:56.491[0m [1;36mOOLJXHMDVI[0m [1;32minfo [0m src/router/middleware/worker/req.go:94 [1;32m|[0m Req Body Is : Do Not Print
[1;34m2025-11-21 14:35:56.492[0m [1;36mOOLJXHMDVI[0m [1;32minfo [0m src/router/middleware/worker/res.go:39 [1;32m|[0m Res Code Is : 200 . Res Body Is : Do Not Print . S000
[1;34m2025-11-21 14:37:49.940[0m [1;36mYUIZREQDUR[0m [1;32minfo [0m src/router/middleware/worker/req.go:19 [1;32m|[0m Req Path Is : /page/index
[1;34m2025-11-21 14:37:49.941[0m [1;36mYUIZREQDUR[0m [1;32minfo [0m src/router/middleware/worker/req.go:94 [1;32m|[0m Req Body Is : Do Not Print
[1;34m2025-11-21 14:37:49.942[0m [1;36mYUIZREQDUR[0m [1;32minfo [0m src/router/middleware/worker/res.go:39 [1;32m|[0m Res Code Is : 200 . Res Body Is : Do Not Print . S000
[1;34m2025-11-21 14:37:49.949[0m [1;36mJPNLBBKVXB[0m [1;32minfo [0m src/router/middleware/worker/req.go:19 [1;32m|[0m Req Path Is : /page/link
[1;34m2025-11-21 14:37:49.949[0m [1;36mJPNLBBKVXB[0m [1;32minfo [0m src/router/middleware/worker/req.go:94 [1;32m|[0m Req Body Is : Do Not Print
[1;34m2025-11-21 14:37:49.950[0m [1;36mJPNLBBKVXB[0m [1;32minfo [0m src/router/middleware/worker/res.go:39 [1;32m|[0m Res Code Is : 200 . Res Body Is : Do Not Print . S000
[1;34m2025-11-21 14:37:51.553[0m [1;36mBYVWJDQXLB[0m [1;32minfo [0m src/router/middleware/worker/req.go:19 [1;32m|[0m Req Path Is : /page/link
[1;34m2025-11-21 14:37:51.554[0m [1;36mBYVWJDQXLB[0m [1;32minfo [0m src/router/middleware/worker/req.go:94 [1;32m|[0m Req Body Is : Do Not Print
[1;34m2025-11-21 14:37:51.555[0m [1;36mBYVWJDQXLB[0m [1;32minfo [0m src/router/middleware/worker/res.go:39 [1;32m|[0m Res Code Is : 200 . Res Body Is : Do Not Print . S000
[1;34m2025-11-21 14:37:53.387[0m [1;36mHOIGAVOJWA[0m [1;32minfo [0m src/router/middleware/worker/req.go:19 [1;32m|[0m Req Path Is : /page/index
[1;34m2025-11-21 14:37:53.387[0m [1;36mHOIGAVOJWA[0m [1;32minfo [0m src/router/middleware/worker/req.go:94 [1;32m|[0m Req Body Is : Do Not Print
[1;34m2025-11-21 14:37:53.388[0m [1;36mHOIGAVOJWA[0m [1;32minfo [0m src/router/middleware/worker/res.go:39 [1;32m|[0m Res Code Is : 200 . Res Body Is : Do Not Print . S000
[1;34m2025-11-21 14:39:31.687[0m [1;36mFDVIZTYXTA[0m [1;32minfo [0m src/router/middleware/worker/req.go:19 [1;32m|[0m Req Path Is : /page/index
[1;34m2025-11-21 14:39:31.687[0m [1;36mFDVIZTYXTA[0m [1;32minfo [0m src/router/middleware/worker/req.go:94 [1;32m|[0m Req Body Is : Do Not Print
[1;34m2025-11-21 14:39:31.689[0m [1;36mFDVIZTYXTA[0m [1;32minfo [0m src/router/middleware/worker/res.go:39 [1;32m|[0m Res Code Is : 200 . Res Body Is : Do Not Print . S000
[1;34m2025-11-21 14:39:31.696[0m [1;36mWHJPRRWBRV[0m [1;32minfo [0m src/router/middleware/worker/req.go:19 [1;32m|[0m Req Path Is : /page/link
[1;34m2025-11-21 14:39:31.697[0m [1;36mWHJPRRWBRV[0m [1;32minfo [0m src/router/middleware/worker/req.go:94 [1;32m|[0m Req Body Is : Do Not Print
[1;34m2025-11-21 14:39:31.698[0m [1;36mWHJPRRWBRV[0m [1;32minfo [0m src/router/middleware/worker/res.go:39 [1;32m|[0m Res Code Is : 200 . Res Body Is : Do Not Print . S000
[1;34m2025-11-21 14:39:43.211[0m [1;36mQRGIIINCNO[0m [1;32minfo [0m src/router/middleware/worker/req.go:19 [1;32m|[0m Req Path Is : /page/pages
[1;34m2025-11-21 14:39:43.211[0m [1;36mQRGIIINCNO[0m [1;32minfo [0m src/router/middleware/worker/req.go:94 [1;32m|[0m Req Body Is : Do Not Print
[1;34m2025-11-21 14:39:43.212[0m [1;36mQRGIIINCNO[0m [1;32minfo [0m src/router/middleware/worker/res.go:39 [1;32m|[0m Res Code Is : 200 . Res Body Is : Do Not Print . S000
[1;34m2025-11-21 14:39:55.701[0m [1;36mUJJHNVBBVI[0m [1;32minfo [0m src/router/middleware/worker/req.go:19 [1;32m|[0m Req Path Is : /plat/dict/read
[1;34m2025-11-21 14:39:55.701[0m [1;36mJDBLKIYZWP[0m [1;32minfo [0m src/router/middleware/worker/req.go:19 [1;32m|[0m Req Path Is : /plat/account/page
[1;34m2025-11-21 14:39:55.703[0m [1;36mUJJHNVBBVI[0m [1;32minfo [0m src/router/middleware/worker/req.go:94 [1;32m|[0m Req Body Is : Do Not Print
[1;34m2025-11-21 14:39:55.704[0m [1;36mJDBLKIYZWP[0m [1;32minfo [0m src/router/middleware/worker/req.go:94 [1;32m|[0m Req Body Is : Do Not Print
[1;34m2025-11-21 14:39:55.707[0m [1;36mUJJHNVBBVI[0m [1;32minfo [0m src/router/middleware/worker/res.go:39 [1;32m|[0m Res Code Is : 200 . Res Body Is : Do Not Print . S000
[1;34m2025-11-21 14:39:55.709[0m [1;36mJDBLKIYZWP[0m [1;32minfo [0m src/router/middleware/worker/res.go:39 [1;32m|[0m Res Code Is : 200 . Res Body Is : Do Not Print . S000
[1;34m2025-11-21 14:39:55.711[0m [1;36mZJMYEGUHGM[0m [1;32minfo [0m src/router/middleware/worker/req.go:19 [1;32m|[0m Req Path Is : /plat/dept/tree
[1;34m2025-11-21 14:39:55.712[0m [1;36mZJMYEGUHGM[0m [1;32minfo [0m src/router/middleware/worker/req.go:94 [1;32m|[0m Req Body Is : Do Not Print
[1;34m2025-11-21 14:39:55.713[0m [1;36mZJMYEGUHGM[0m [1;32minfo [0m src/router/middleware/worker/res.go:39 [1;32m|[0m Res Code Is : 200 . Res Body Is : Do Not Print . S000
[1;34m2025-11-21 14:39:55.722[0m [1;36mRMDIAYIHGT[0m [1;32minfo [0m src/router/middleware/worker/req.go:19 [1;32m|[0m Req Path Is : /plat/role/list
[1;34m2025-11-21 14:39:55.723[0m [1;36mRMDIAYIHGT[0m [1;32minfo [0m src/router/middleware/worker/req.go:94 [1;32m|[0m Req Body Is : Do Not Print
[1;34m2025-11-21 14:39:55.724[0m [1;36mRMDIAYIHGT[0m [1;32minfo [0m src/router/middleware/worker/res.go:39 [1;32m|[0m Res Code Is : 200 . Res Body Is : Do Not Print . S000
[1;34m2025-11-21 14:39:59.991[0m [1;36mHMBJIJBYBU[0m [1;32minfo [0m src/router/middleware/worker/req.go:19 [1;32m|[0m Req Path Is : /plat/dept/tree
[1;34m2025-11-21 14:39:59.992[0m [1;36mRIIQHQBANX[0m [1;32minfo [0m src/router/middleware/worker/req.go:19 [1;32m|[0m Req Path Is : /plat/dept/get
[1;34m2025-11-21 14:39:59.995[0m [1;36mHMBJIJBYBU[0m [1;32minfo [0m src/router/middleware/worker/req.go:94 [1;32m|[0m Req Body Is : Do Not Print
[1;34m2025-11-21 14:39:59.995[0m [1;36mRIIQHQBANX[0m [1;32minfo [0m src/router/middleware/worker/req.go:94 [1;32m|[0m Req Body Is : Do Not Print
[1;34m2025-11-21 14:39:59.995[0m [1;36mSAVNBVJBEF[0m [1;32minfo [0m src/router/middleware/worker/req.go:19 [1;32m|[0m Req Path Is : /plat/dict/read
[1;34m2025-11-21 14:39:59.997[0m [1;36mSAVNBVJBEF[0m [1;32minfo [0m src/router/middleware/worker/req.go:94 [1;32m|[0m Req Body Is : Do Not Print
[1;34m2025-11-21 14:39:59.997[0m [1;36mHMBJIJBYBU[0m [1;32minfo [0m src/router/middleware/worker/res.go:39 [1;32m|[0m Res Code Is : 200 . Res Body Is : Do Not Print . S000
[1;34m2025-11-21 14:39:59.999[0m [1;36mRIIQHQBANX[0m [1;32minfo [0m src/router/middleware/worker/res.go:39 [1;32m|[0m Res Code Is : 200 . Res Body Is : Do Not Print . S000
[1;34m2025-11-21 14:40:00.000[0m [1;36mSAVNBVJBEF[0m [1;32minfo [0m src/router/middleware/worker/res.go:39 [1;32m|[0m Res Code Is : 200 . Res Body Is : Do Not Print . S000
[1;34m2025-11-21 14:40:04.645[0m [1;36mNVFIYTCVED[0m [1;32minfo [0m src/router/middleware/worker/req.go:19 [1;32m|[0m Req Path Is : /plat/dict/read
[1;34m2025-11-21 14:40:04.645[0m [1;36mXOBSHWLVWQ[0m [1;32minfo [0m src/router/middleware/worker/req.go:19 [1;32m|[0m Req Path Is : /plat/dict/read
[1;34m2025-11-21 14:40:04.645[0m [1;36mSZPLCJWETT[0m [1;32minfo [0m src/router/middleware/worker/req.go:19 [1;32m|[0m Req Path Is : /blog/banner/page
[1;34m2025-11-21 14:40:04.646[0m [1;36mNVFIYTCVED[0m [1;32minfo [0m src/router/middleware/worker/req.go:94 [1;32m|[0m Req Body Is : Do Not Print
[1;34m2025-11-21 14:40:04.646[0m [1;36mXOBSHWLVWQ[0m [1;32minfo [0m src/router/middleware/worker/req.go:94 [1;32m|[0m Req Body Is : Do Not Print
[1;34m2025-11-21 14:40:04.646[0m [1;36mSZPLCJWETT[0m [1;32minfo [0m src/router/middleware/worker/req.go:94 [1;32m|[0m Req Body Is : Do Not Print
[1;34m2025-11-21 14:40:04.647[0m [1;36mNVFIYTCVED[0m [1;32minfo [0m src/router/middleware/worker/res.go:39 [1;32m|[0m Res Code Is : 200 . Res Body Is : Do Not Print . S000
[1;34m2025-11-21 14:40:04.648[0m [1;36mXOBSHWLVWQ[0m [1;32minfo [0m src/router/middleware/worker/res.go:39 [1;32m|[0m Res Code Is : 200 . Res Body Is : Do Not Print . S000
[1;34m2025-11-21 14:40:04.657[0m [1;36mSZPLCJWETT[0m [1;32minfo [0m src/router/middleware/worker/res.go:39 [1;32m|[0m Res Code Is : 200 . Res Body Is : Do Not Print . S000
[1;34m2025-11-21 14:40:08.187[0m [1;36mQSHKWIIGON[0m [1;32minfo [0m src/router/middleware/worker/req.go:19 [1;32m|[0m Req Path Is : /plat/dict/read
[1;34m2025-11-21 14:40:08.187[0m [1;36mYOTTBAKYQN[0m [1;32minfo [0m src/router/middleware/worker/req.go:19 [1;32m|[0m Req Path Is : /blog/post/page
[1;34m2025-11-21 14:40:08.188[0m [1;36mQSHKWIIGON[0m [1;32minfo [0m src/router/middleware/worker/req.go:94 [1;32m|[0m Req Body Is : Do Not Print
[1;34m2025-11-21 14:40:08.188[0m [1;36mYOTTBAKYQN[0m [1;32minfo [0m src/router/middleware/worker/req.go:94 [1;32m|[0m Req Body Is : Do Not Print
[1;34m2025-11-21 14:40:08.190[0m [1;36mQSHKWIIGON[0m [1;32minfo [0m src/router/middleware/worker/res.go:39 [1;32m|[0m Res Code Is : 200 . Res Body Is : Do Not Print . S000
[1;34m2025-11-21 14:40:08.192[0m [1;36mYOTTBAKYQN[0m [1;32minfo [0m src/router/middleware/worker/res.go:39 [1;32m|[0m Res Code Is : 200 . Res Body Is : Do Not Print . S000
[1;34m2025-11-21 14:40:08.504[0m [1;36mNJZGDLSZCZ[0m [1;32minfo [0m src/router/middleware/worker/req.go:19 [1;32m|[0m Req Path Is : /blog/category/list
[1;34m2025-11-21 14:40:08.505[0m [1;36mNJZGDLSZCZ[0m [1;32minfo [0m src/router/middleware/worker/req.go:94 [1;32m|[0m Req Body Is : Do Not Print
[1;34m2025-11-21 14:40:08.505[0m [1;36mNJZGDLSZCZ[0m [1;32minfo [0m src/router/middleware/worker/res.go:39 [1;32m|[0m Res Code Is : 200 . Res Body Is : Do Not Print . S000
[1;34m2025-11-21 14:40:09.836[0m [1;36mJSAYZGHRRD[0m [1;32minfo [0m src/router/middleware/worker/req.go:19 [1;32m|[0m Req Path Is : /blog/tag/list
[1;34m2025-11-21 14:40:09.837[0m [1;36mJSAYZGHRRD[0m [1;32minfo [0m src/router/middleware/worker/req.go:94 [1;32m|[0m Req Body Is : Do Not Print
[1;34m2025-11-21 14:40:09.838[0m [1;36mJSAYZGHRRD[0m [1;32minfo [0m src/router/middleware/worker/res.go:39 [1;32m|[0m Res Code Is : 200 . Res Body Is : Do Not Print . S000
[1;34m2025-11-21 14:41:05.887[0m [1;36mABPVOYNLVJ[0m [1;32minfo [0m src/router/middleware/worker/req.go:19 [1;32m|[0m Req Path Is : /plat/permission/tree
[1;34m2025-11-21 14:41:05.887[0m [1;36mZPEMEKIVHE[0m [1;32minfo [0m src/router/middleware/worker/req.go:19 [1;32m|[0m Req Path Is : /plat/dict/read
[1;34m2025-11-21 14:41:05.887[0m [1;36mGRCBKIXUYL[0m [1;32minfo [0m src/router/middleware/worker/req.go:19 [1;32m|[0m Req Path Is : /plat/permission/get
[1;34m2025-11-21 14:41:05.888[0m [1;36mABPVOYNLVJ[0m [1;32minfo [0m src/router/middleware/worker/req.go:94 [1;32m|[0m Req Body Is : Do Not Print
[1;34m2025-11-21 14:41:05.888[0m [1;36mGRCBKIXUYL[0m [1;32minfo [0m src/router/middleware/worker/req.go:94 [1;32m|[0m Req Body Is : Do Not Print
[1;34m2025-11-21 14:41:05.890[0m [1;36mZPEMEKIVHE[0m [1;32minfo [0m src/router/middleware/worker/req.go:94 [1;32m|[0m Req Body Is : Do Not Print
[1;34m2025-11-21 14:41:05.893[0m [1;36mGRCBKIXUYL[0m [1;32minfo [0m src/router/middleware/worker/res.go:39 [1;32m|[0m Res Code Is : 200 . Res Body Is : Do Not Print . S000
[1;34m2025-11-21 14:41:05.894[0m [1;36mZPEMEKIVHE[0m [1;32minfo [0m src/router/middleware/worker/res.go:39 [1;32m|[0m Res Code Is : 200 . Res Body Is : Do Not Print . S000
[1;34m2025-11-21 14:41:05.909[0m [1;36mABPVOYNLVJ[0m [1;32minfo [0m src/router/middleware/worker/res.go:39 [1;32m|[0m Res Code Is : 200 . Res Body Is : Do Not Print . S000
[1;34m2025-11-21 14:41:15.831[0m [1;36mRTEWRACVPF[0m [1;32minfo [0m src/router/middleware/worker/req.go:19 [1;32m|[0m Req Path Is : /plat/permission/tree
[1;34m2025-11-21 14:41:15.834[0m [1;36mRTEWRACVPF[0m [1;32minfo [0m src/router/middleware/worker/req.go:94 [1;32m|[0m Req Body Is : Do Not Print
[1;34m2025-11-21 14:41:15.846[0m [1;36mRTEWRACVPF[0m [1;32minfo [0m src/router/middleware/worker/res.go:39 [1;32m|[0m Res Code Is : 200 . Res Body Is : Do Not Print . S000
[1;34m2025-11-21 14:41:16.147[0m [1;36mTQFXERWRYL[0m [1;32minfo [0m src/router/middleware/worker/req.go:19 [1;32m|[0m Req Path Is : /plat/dict/read
[1;34m2025-11-21 14:41:16.148[0m [1;36mLETIHCHNPI[0m [1;32minfo [0m src/router/middleware/worker/req.go:19 [1;32m|[0m Req Path Is : /plat/permission/get
[1;34m2025-11-21 14:41:16.148[0m [1;36mLETIHCHNPI[0m [1;32minfo [0m src/router/middleware/worker/req.go:94 [1;32m|[0m Req Body Is : Do Not Print
[1;34m2025-11-21 14:41:16.149[0m [1;36mTQFXERWRYL[0m [1;32minfo [0m src/router/middleware/worker/req.go:94 [1;32m|[0m Req Body Is : Do Not Print
[1;34m2025-11-21 14:41:16.157[0m [1;36mLETIHCHNPI[0m [1;32minfo [0m src/router/middleware/worker/res.go:39 [1;32m|[0m Res Code Is : 200 . Res Body Is : Do Not Print . S000
[1;34m2025-11-21 14:41:16.157[0m [1;36mTQFXERWRYL[0m [1;32minfo [0m src/router/middleware/worker/res.go:39 [1;32m|[0m Res Code Is : 200 . Res Body Is : Do Not Print . S000
[1;34m2025-11-21 14:41:21.119[0m [1;36mSFIWYGWEDS[0m [1;32minfo [0m src/router/middleware/worker/req.go:19 [1;32m|[0m Req Path Is : /page/pages
[1;34m2025-11-21 14:41:21.119[0m [1;36mSFIWYGWEDS[0m [1;32minfo [0m src/router/middleware/worker/req.go:94 [1;32m|[0m Req Body Is : Do Not Print
[1;34m2025-11-21 14:41:21.120[0m [1;36mSFIWYGWEDS[0m [1;32minfo [0m src/router/middleware/worker/res.go:39 [1;32m|[0m Res Code Is : 200 . Res Body Is : Do Not Print . S000
[1;34m2025-11-21 14:41:23.416[0m [1;36mSYPBAXZQQL[0m [1;32minfo [0m src/router/middleware/worker/req.go:19 [1;32m|[0m Req Path Is : /page/post
[1;34m2025-11-21 14:41:23.417[0m [1;36mSYPBAXZQQL[0m [1;32minfo [0m src/router/middleware/worker/req.go:94 [1;32m|[0m Req Body Is : Do Not Print
[1;34m2025-11-21 14:41:23.418[0m [1;36mSYPBAXZQQL[0m [1;32minfo [0m src/router/middleware/worker/res.go:39 [1;32m|[0m Res Code Is : 200 . Res Body Is : Do Not Print . S000
[1;34m2025-11-21 14:41:23.441[0m [1;36mAGVJDIFIOH[0m [1;32minfo [0m src/router/middleware/worker/req.go:19 [1;32m|[0m Req Path Is : /page/link
[1;34m2025-11-21 14:41:23.442[0m [1;36mJYHIDVGMBO[0m [1;32minfo [0m src/router/middleware/worker/req.go:19 [1;32m|[0m Req Path Is : /page/link
[1;34m2025-11-21 14:41:23.442[0m [1;36mMWFEBKVWLM[0m [1;32minfo [0m src/router/middleware/worker/req.go:19 [1;32m|[0m Req Path Is : /page/link
[1;34m2025-11-21 14:41:23.442[0m [1;36mAGVJDIFIOH[0m [1;32minfo [0m src/router/middleware/worker/req.go:94 [1;32m|[0m Req Body Is : Do Not Print
[1;34m2025-11-21 14:41:23.443[0m [1;36mWLQCEXGUZR[0m [1;32minfo [0m src/router/middleware/worker/req.go:19 [1;32m|[0m Req Path Is : /page/link
[1;34m2025-11-21 14:41:23.443[0m [1;36mJYHIDVGMBO[0m [1;32minfo [0m src/router/middleware/worker/req.go:94 [1;32m|[0m Req Body Is : Do Not Print
[1;34m2025-11-21 14:41:23.443[0m [1;36mMWFEBKVWLM[0m [1;32minfo [0m src/router/middleware/worker/req.go:94 [1;32m|[0m Req Body Is : Do Not Print
[1;34m2025-11-21 14:41:23.443[0m [1;36mUGWFVPMXVR[0m [1;32minfo [0m src/router/middleware/worker/req.go:19 [1;32m|[0m Req Path Is : /page/link
[1;34m2025-11-21 14:41:23.443[0m [1;36mAGVJDIFIOH[0m [1;32minfo [0m src/router/middleware/worker/res.go:39 [1;32m|[0m Res Code Is : 200 . Res Body Is : Do Not Print . S000
[1;34m2025-11-21 14:41:23.443[0m [1;36mWLQCEXGUZR[0m [1;32minfo [0m src/router/middleware/worker/req.go:94 [1;32m|[0m Req Body Is : Do Not Print
[1;34m2025-11-21 14:41:23.443[0m [1;36mSRTGSOPYYZ[0m [1;32minfo [0m src/router/middleware/worker/req.go:19 [1;32m|[0m Req Path Is : /page/link
[1;34m2025-11-21 14:41:23.444[0m [1;36mJYHIDVGMBO[0m [1;32minfo [0m src/router/middleware/worker/res.go:39 [1;32m|[0m Res Code Is : 200 . Res Body Is : Do Not Print . S000
[1;34m2025-11-21 14:41:23.445[0m [1;36mMWFEBKVWLM[0m [1;32minfo [0m src/router/middleware/worker/res.go:39 [1;32m|[0m Res Code Is : 200 . Res Body Is : Do Not Print . S000
[1;34m2025-11-21 14:41:23.445[0m [1;36mUGWFVPMXVR[0m [1;32minfo [0m src/router/middleware/worker/req.go:94 [1;32m|[0m Req Body Is : Do Not Print
[1;34m2025-11-21 14:41:23.445[0m [1;36mWLQCEXGUZR[0m [1;32minfo [0m src/router/middleware/worker/res.go:39 [1;32m|[0m Res Code Is : 200 . Res Body Is : Do Not Print . S000
[1;34m2025-11-21 14:41:23.445[0m [1;36mSRTGSOPYYZ[0m [1;32minfo [0m src/router/middleware/worker/req.go:94 [1;32m|[0m Req Body Is : Do Not Print
[1;34m2025-11-21 14:41:23.446[0m [1;36mUGWFVPMXVR[0m [1;32minfo [0m src/router/middleware/worker/res.go:39 [1;32m|[0m Res Code Is : 200 . Res Body Is : Do Not Print . S000
[1;34m2025-11-21 14:41:23.446[0m [1;36mSRTGSOPYYZ[0m [1;32minfo [0m src/router/middleware/worker/res.go:39 [1;32m|[0m Res Code Is : 200 . Res Body Is : Do Not Print . S000
[1;34m2025-11-21 14:41:23.466[0m [1;36mXNQMXZNGXX[0m [1;32minfo [0m src/router/middleware/worker/req.go:19 [1;32m|[0m Req Path Is : /page/link
[1;34m2025-11-21 14:41:23.467[0m [1;36mXNQMXZNGXX[0m [1;32minfo [0m src/router/middleware/worker/req.go:94 [1;32m|[0m Req Body Is : Do Not Print
[1;34m2025-11-21 14:41:23.467[0m [1;36mXNQMXZNGXX[0m [1;32minfo [0m src/router/middleware/worker/res.go:39 [1;32m|[0m Res Code Is : 200 . Res Body Is : Do Not Print . S000
[1;34m2025-11-21 14:41:23.482[0m [1;36mINGXYAAOCD[0m [1;32minfo [0m src/router/middleware/worker/req.go:19 [1;32m|[0m Req Path Is : /page/link
[1;34m2025-11-21 14:41:23.483[0m [1;36mINGXYAAOCD[0m [1;32minfo [0m src/router/middleware/worker/req.go:94 [1;32m|[0m Req Body Is : Do Not Print
[1;34m2025-11-21 14:41:23.484[0m [1;36mINGXYAAOCD[0m [1;32minfo [0m src/router/middleware/worker/res.go:39 [1;32m|[0m Res Code Is : 200 . Res Body Is : Do Not Print . S000
[1;34m2025-11-21 14:41:23.489[0m [1;36mFWKYPROEKI[0m [1;32minfo [0m src/router/middleware/worker/req.go:19 [1;32m|[0m Req Path Is : /page/link
[1;34m2025-11-21 14:41:23.489[0m [1;36mHMTTLBIRJP[0m [1;32minfo [0m src/router/middleware/worker/req.go:19 [1;32m|[0m Req Path Is : /page/link
[1;34m2025-11-21 14:41:23.490[0m [1;36mFWKYPROEKI[0m [1;32minfo [0m src/router/middleware/worker/req.go:94 [1;32m|[0m Req Body Is : Do Not Print
[1;34m2025-11-21 14:41:23.490[0m [1;36mHMTTLBIRJP[0m [1;32minfo [0m src/router/middleware/worker/req.go:94 [1;32m|[0m Req Body Is : Do Not Print
[1;34m2025-11-21 14:41:23.491[0m [1;36mFWKYPROEKI[0m [1;32minfo [0m src/router/middleware/worker/res.go:39 [1;32m|[0m Res Code Is : 200 . Res Body Is : Do Not Print . S000
[1;34m2025-11-21 14:41:23.491[0m [1;36mHMTTLBIRJP[0m [1;32minfo [0m src/router/middleware/worker/res.go:39 [1;32m|[0m Res Code Is : 200 . Res Body Is : Do Not Print . S000
[1;34m2025-11-21 14:41:23.498[0m [1;36mWSUXPJHTIB[0m [1;32minfo [0m src/router/middleware/worker/req.go:19 [1;32m|[0m Req Path Is : /page/link
[1;34m2025-11-21 14:41:23.499[0m [1;36mWSUXPJHTIB[0m [1;32minfo [0m src/router/middleware/worker/req.go:94 [1;32m|[0m Req Body Is : Do Not Print
[1;34m2025-11-21 14:41:23.499[0m [1;36mWSUXPJHTIB[0m [1;32minfo [0m src/router/middleware/worker/res.go:39 [1;32m|[0m Res Code Is : 200 . Res Body Is : Do Not Print . S000
[1;34m2025-11-21 14:41:23.510[0m [1;36mJEEXYVRESP[0m [1;32minfo [0m src/router/middleware/worker/req.go:19 [1;32m|[0m Req Path Is : /page/link
[1;34m2025-11-21 14:41:23.511[0m [1;36mLESGEPLFEG[0m [1;32minfo [0m src/router/middleware/worker/req.go:19 [1;32m|[0m Req Path Is : /page/link
[1;34m2025-11-21 14:41:23.511[0m [1;36mJEEXYVRESP[0m [1;32minfo [0m src/router/middleware/worker/req.go:94 [1;32m|[0m Req Body Is : Do Not Print
[1;34m2025-11-21 14:41:23.512[0m [1;36mLESGEPLFEG[0m [1;32minfo [0m src/router/middleware/worker/req.go:94 [1;32m|[0m Req Body Is : Do Not Print
[1;34m2025-11-21 14:41:23.512[0m [1;36mJEEXYVRESP[0m [1;32minfo [0m src/router/middleware/worker/res.go:39 [1;32m|[0m Res Code Is : 200 . Res Body Is : Do Not Print . S000
[1;34m2025-11-21 14:41:23.512[0m [1;36mLESGEPLFEG[0m [1;32minfo [0m src/router/middleware/worker/res.go:39 [1;32m|[0m Res Code Is : 200 . Res Body Is : Do Not Print . S000
[1;34m2025-11-21 14:41:25.270[0m [1;36mFMREGRGSFY[0m [1;32minfo [0m src/router/middleware/worker/req.go:19 [1;32m|[0m Req Path Is : /page/tags
[1;34m2025-11-21 14:41:25.271[0m [1;36mFMREGRGSFY[0m [1;32minfo [0m src/router/middleware/worker/req.go:94 [1;32m|[0m Req Body Is : Do Not Print
[1;34m2025-11-21 14:41:25.271[0m [1;36mFMREGRGSFY[0m [1;32minfo [0m src/router/middleware/worker/res.go:39 [1;32m|[0m Res Code Is : 200 . Res Body Is : Do Not Print . S000
[1;34m2025-11-21 14:41:26.425[0m [1;36mKLEGQSBRLZ[0m [1;32minfo [0m src/router/middleware/worker/req.go:19 [1;32m|[0m Req Path Is : /page/categoryList
[1;34m2025-11-21 14:41:26.426[0m [1;36mKLEGQSBRLZ[0m [1;32minfo [0m src/router/middleware/worker/req.go:94 [1;32m|[0m Req Body Is : Do Not Print
[1;34m2025-11-21 14:41:26.426[0m [1;36mKLEGQSBRLZ[0m [1;32minfo [0m src/router/middleware/worker/res.go:39 [1;32m|[0m Res Code Is : 200 . Res Body Is : Do Not Print . S000
[1;34m2025-11-21 14:41:37.189[0m [1;36mMMJEBZTGIS[0m [1;32minfo [0m src/router/middleware/worker/req.go:19 [1;32m|[0m Req Path Is : /blog/tag/list
[1;34m2025-11-21 14:41:37.190[0m [1;36mMMJEBZTGIS[0m [1;32minfo [0m src/router/middleware/worker/req.go:94 [1;32m|[0m Req Body Is : Do Not Print
[1;34m2025-11-21 14:41:37.191[0m [1;36mMMJEBZTGIS[0m [1;32minfo [0m src/router/middleware/worker/res.go:39 [1;32m|[0m Res Code Is : 200 . Res Body Is : Do Not Print . S000
